05/21/2017 01:37:08 am Connection Successfull
05/21/2017 01:37:08 am New customer found!
05/21/2017 01:37:08 am ('Odel', 'Levies 501 Jeans', 'edd1ebeac04e5defa017', 'Thamara')
05/21/2017 01:37:14 am Same customer found!
05/21/2017 01:42:20 am Error connecting to the server!
05/21/2017 01:43:06 am Error connecting to the server!
05/21/2017 01:43:24 am Error connecting to the server!
05/21/2017 02:46:40 am Error connecting to the server!
05/21/2017 02:47:37 am Connection Successfull
05/21/2017 02:47:37 am New customer found!
05/21/2017 02:47:37 am ('Odel', 'Levies 501 Jeans', 'edd1ebeac04e5defa017', 'Thamara')
05/21/2017 02:47:43 am Same customer found!
05/21/2017 02:47:58 am Connection Successfull
05/21/2017 02:47:58 am New customer found!
05/21/2017 02:47:58 am ('Odel', 'Levies 501 Jeans', 'edd1ebeac04e5defa017', 'Thamara')
05/21/2017 02:48:04 am Same customer found!
06/07/2017 10:29:27 pm Connection Successfull
06/07/2017 10:29:27 pm New customer found!
06/07/2017 10:29:27 pm ('Odel', 'EFINNY Womens Party Frock', 'edd1ebeac04e5defa017', 'abc')
06/07/2017 10:29:34 pm Same customer found!
06/07/2017 10:30:20 pm Connection Successfull
06/07/2017 10:30:20 pm New customer found!
06/07/2017 10:30:20 pm ('Odel', 'EFINNY Womens Party Frock', 'edd1ebeac04e5defa017', 'abc')
06/07/2017 10:30:26 pm Same customer found!
06/07/2017 10:32:35 pm Connection Successfull
06/07/2017 10:32:35 pm New customer found!
06/07/2017 10:32:35 pm ('Odel', 'EFINNY Womens Party Frock', 'edd1ebeac04e5defa017', 'abc')
06/07/2017 10:32:42 pm Same customer found!
06/07/2017 10:32:54 pm Connection Successfull
06/07/2017 10:32:54 pm New customer found!
06/07/2017 10:32:54 pm ('Odel', 'EFINNY Womens Party Frock', 'edd1ebeac04e5defa017', 'abc')
06/07/2017 10:33:00 pm Same customer found!
06/08/2017 10:18:54 am Connection Successfull
06/08/2017 10:18:54 am New customer found!
06/08/2017 10:18:54 am ('Odel', 'EFINNY Womens Party Frock', 'edd1ebeac04e5defa017', 'abc')
06/08/2017 10:19:00 am Same customer found!
06/08/2017 10:27:47 am Connection Successfull
06/08/2017 10:27:47 am New customer found!
06/08/2017 10:27:47 am ('Odel', 'EFINNY Womens Party Frock', 'edd1ebeac04e5defa017', 'abc')
06/08/2017 10:27:53 am Same customer found!
06/08/2017 11:22:17 am Connection Successfull
06/08/2017 11:22:17 am New customer found!
06/08/2017 11:22:17 am ('Odel', 'Levies 501 Jeans', 'edd1ebeac04e5defa017', 'qeer')
06/08/2017 11:22:24 am Same customer found!
06/28/2017 09:25:19 pm Connection Successfull
06/28/2017 09:25:19 pm New customer found!
06/28/2017 09:25:19 pm ('Odel', 'EFINNY Womens Party Frock', 'edd1ebeac04e5defa017', 'Jennifer ', 'http://i.imgur.com/FraDVEO.jpg', 'http://i.imgur.com/jAVJ5nA.png')
06/28/2017 09:28:11 pm Connection Successfull
06/28/2017 09:28:12 pm New customer found!
06/28/2017 09:28:12 pm ('Odel', 'EFINNY Womens Party Frock', 'edd1ebeac04e5defa017', 'Jennifer ', 'http://i.imgur.com/FraDVEO.jpg', 'http://i.imgur.com/jAVJ5nA.png')
06/28/2017 09:34:41 pm Connection Successfull
06/28/2017 09:34:41 pm New customer found!
06/28/2017 09:34:41 pm ('Odel', 'EFINNY Womens Party Frock', 'edd1ebeac04e5defa017', 'Jennifer ', 'http://i.imgur.com/FraDVEO.jpg', 'http://i.imgur.com/jAVJ5nA.png')
06/28/2017 09:37:43 pm Connection Successfull
06/28/2017 09:37:43 pm New customer found!
06/28/2017 09:37:43 pm ('Odel', 'EFINNY Womens Party Frock', 'edd1ebeac04e5defa017', 'Jennifer ', 'http://i.imgur.com/FraDVEO.jpg', 'http://i.imgur.com/jAVJ5nA.png')
06/28/2017 09:46:48 pm Connection Successfull
06/28/2017 09:46:48 pm New customer found!
06/28/2017 09:46:48 pm ('Odel', 'EFINNY Womens Party Frock', 'edd1ebeac04e5defa017', 'Jennifer ', 'http://i.imgur.com/FraDVEO.jpg', 'http://i.imgur.com/jAVJ5nA.png')
06/28/2017 09:49:29 pm Connection Successfull
06/28/2017 09:49:29 pm New customer found!
06/28/2017 09:49:29 pm ('Odel', 'EFINNY Womens Party Frock', 'edd1ebeac04e5defa017', 'Jennifer ', 'http://i.imgur.com/FraDVEO.jpg', 'http://i.imgur.com/jAVJ5nA.png')
06/28/2017 10:38:26 pm Connection Successfull
06/28/2017 10:38:26 pm New customer found!
06/28/2017 10:38:26 pm ('Odel', 'EFINNY Womens Party Frock', 'edd1ebeac04e5defa017', 'Jennifer ', 'http://i.imgur.com/FraDVEO.jpg', 'http://i.imgur.com/jAVJ5nA.png')
06/28/2017 10:47:14 pm Connection Successfull
06/28/2017 10:47:14 pm New customer found!
06/28/2017 10:47:14 pm ('Odel', 'EFINNY Womens Party Frock', 'edd1ebeac04e5defa017', 'Jennifer ', 'http://i.imgur.com/FraDVEO.jpg', 'http://i.imgur.com/jAVJ5nA.png')
06/28/2017 10:50:39 pm Connection Successfull
06/28/2017 10:50:39 pm New customer found!
06/28/2017 10:50:39 pm ('Odel', 'EFINNY Womens Party Frock', 'edd1ebeac04e5defa017', 'Jennifer ', 'http://i.imgur.com/FraDVEO.jpg', 'http://i.imgur.com/jAVJ5nA.png')
06/28/2017 10:51:56 pm Connection Successfull
06/28/2017 10:51:56 pm New customer found!
06/28/2017 10:51:56 pm ('Odel', 'EFINNY Womens Party Frock', 'edd1ebeac04e5defa017', 'Jennifer ', 'http://i.imgur.com/FraDVEO.jpg', 'http://i.imgur.com/jAVJ5nA.png')
06/28/2017 10:55:06 pm Connection Successfull
06/28/2017 10:55:06 pm New customer found!
06/28/2017 10:55:06 pm ('Odel', 'EFINNY Womens Party Frock', 'edd1ebeac04e5defa017', 'Jennifer ', 'http://i.imgur.com/FraDVEO.jpg', 'http://i.imgur.com/jAVJ5nA.png')
06/28/2017 10:56:30 pm Connection Successfull
06/28/2017 10:56:30 pm New customer found!
06/28/2017 10:56:30 pm ('Odel', 'EFINNY Womens Party Frock', 'edd1ebeac04e5defa017', 'Jennifer ', 'http://i.imgur.com/FraDVEO.jpg', 'http://i.imgur.com/jAVJ5nA.png')
06/28/2017 11:11:48 pm Connection Successfull
06/28/2017 11:11:48 pm New customer found!
06/28/2017 11:11:48 pm ('Odel', 'EFINNY Womens Party Frock', 'edd1ebeac04e5defa017', 'Jennifer ', 'http://i.imgur.com/FraDVEO.jpg', 'http://i.imgur.com/jAVJ5nA.png')
06/28/2017 11:16:42 pm Connection Successfull
06/28/2017 11:19:01 pm Connection Successfull
06/28/2017 11:19:01 pm New customer found!
06/28/2017 11:19:01 pm ('Odel', 'EFINNY Womens Party Frock', 'edd1ebeac04e5defa017', 'Jennifer ', 'http://i.imgur.com/FraDVEO.jpg', 'http://i.imgur.com/jAVJ5nA.png')
06/28/2017 11:21:01 pm Connection Successfull
06/28/2017 11:21:01 pm New customer found!
06/28/2017 11:21:01 pm ('Odel', 'EFINNY Womens Party Frock', 'edd1ebeac04e5defa017', 'Jennifer ', 'http://i.imgur.com/FraDVEO.jpg', 'http://i.imgur.com/jAVJ5nA.png')
06/28/2017 11:23:32 pm Connection Successfull
06/28/2017 11:23:33 pm New customer found!
06/28/2017 11:23:33 pm ('Odel', 'EFINNY Womens Party Frock', 'edd1ebeac04e5defa017', 'Jennifer ', 'http://i.imgur.com/FraDVEO.jpg', 'http://i.imgur.com/jAVJ5nA.png')
06/28/2017 11:36:13 pm Connection Successfull
06/28/2017 11:36:43 pm Connection Successfull
06/28/2017 11:36:43 pm New customer found!
06/28/2017 11:36:43 pm ('Odel', 'EFINNY Womens Party Frock', 'edd1ebeac04e5defa017', 'Jennifer ', 'http://i.imgur.com/FraDVEO.jpg', 'http://i.imgur.com/jAVJ5nA.png')
06/28/2017 11:36:50 pm Same customer found!
06/28/2017 11:38:15 pm Connection Successfull
06/28/2017 11:38:15 pm New customer found!
06/28/2017 11:38:15 pm ('Odel', 'EFINNY Womens Party Frock', 'edd1ebeac04e5defa017', 'Jennifer ', 'http://i.imgur.com/FraDVEO.jpg', 'http://i.imgur.com/jAVJ5nA.png')
06/28/2017 11:39:53 pm Connection Successfull
06/28/2017 11:39:53 pm New customer found!
06/28/2017 11:39:53 pm ('Odel', 'EFINNY Womens Party Frock', 'edd1ebeac04e5defa017', 'Jennifer ', 'http://i.imgur.com/FraDVEO.jpg', 'http://i.imgur.com/jAVJ5nA.png')
06/28/2017 11:40:21 pm Connection Successfull
06/28/2017 11:40:21 pm New customer found!
06/28/2017 11:40:21 pm ('Odel', 'EFINNY Womens Party Frock', 'edd1ebeac04e5defa017', 'Jennifer ', 'http://i.imgur.com/FraDVEO.jpg', 'http://i.imgur.com/jAVJ5nA.png')
06/28/2017 11:41:04 pm Connection Successfull
06/28/2017 11:41:05 pm New customer found!
06/28/2017 11:41:05 pm ('Odel', 'EFINNY Womens Party Frock', 'edd1ebeac04e5defa017', 'Jennifer ', 'http://i.imgur.com/FraDVEO.jpg', 'http://i.imgur.com/jAVJ5nA.png')
06/28/2017 11:41:12 pm Same customer found!
06/28/2017 11:42:23 pm Connection Successfull
06/28/2017 11:42:23 pm New customer found!
06/28/2017 11:42:23 pm ('Odel', 'EFINNY Womens Party Frock', 'edd1ebeac04e5defa017', 'Jennifer ', 'http://i.imgur.com/FraDVEO.jpg', 'http://i.imgur.com/jAVJ5nA.png')
06/28/2017 11:42:30 pm Same customer found!
06/28/2017 11:43:44 pm Connection Successfull
06/28/2017 11:43:44 pm New customer found!
06/28/2017 11:43:44 pm ('Odel', 'EFINNY Womens Party Frock', 'edd1ebeac04e5defa017', 'Jennifer ', 'http://i.imgur.com/FraDVEO.jpg', 'http://i.imgur.com/jAVJ5nA.png')
06/28/2017 11:44:19 pm Connection Successfull
06/28/2017 11:44:19 pm New customer found!
06/28/2017 11:44:19 pm ('Odel', 'EFINNY Womens Party Frock', 'edd1ebeac04e5defa017', 'Jennifer ', 'http://i.imgur.com/FraDVEO.jpg', 'http://i.imgur.com/jAVJ5nA.png')
06/28/2017 11:44:26 pm Same customer found!
06/28/2017 11:45:59 pm Connection Successfull
06/28/2017 11:45:59 pm New customer found!
06/28/2017 11:45:59 pm ('Odel', 'EFINNY Womens Party Frock', 'edd1ebeac04e5defa017', 'Jennifer ', 'http://i.imgur.com/FraDVEO.jpg', 'http://i.imgur.com/jAVJ5nA.png')
06/28/2017 11:46:42 pm Connection Successfull
06/28/2017 11:46:42 pm New customer found!
06/28/2017 11:46:42 pm ('Odel', 'EFINNY Womens Party Frock', 'edd1ebeac04e5defa017', 'Jennifer ', 'http://i.imgur.com/FraDVEO.jpg', 'http://i.imgur.com/jAVJ5nA.png')
06/28/2017 11:47:01 pm Connection Successfull
06/28/2017 11:47:02 pm New customer found!
06/28/2017 11:47:02 pm ('Odel', 'EFINNY Womens Party Frock', 'edd1ebeac04e5defa017', 'Jennifer ', 'http://i.imgur.com/FraDVEO.jpg', 'http://i.imgur.com/jAVJ5nA.png')
06/28/2017 11:47:09 pm Same customer found!
06/28/2017 11:47:33 pm Connection Successfull
06/28/2017 11:47:34 pm New customer found!
06/28/2017 11:47:34 pm ('Odel', 'EFINNY Womens Party Frock', 'edd1ebeac04e5defa017', 'Jennifer ', 'http://i.imgur.com/FraDVEO.jpg', 'http://i.imgur.com/jAVJ5nA.png')
06/28/2017 11:47:57 pm Connection Successfull
06/28/2017 11:47:58 pm New customer found!
06/28/2017 11:47:58 pm ('Odel', 'EFINNY Womens Party Frock', 'edd1ebeac04e5defa017', 'Jennifer ', 'http://i.imgur.com/FraDVEO.jpg', 'http://i.imgur.com/jAVJ5nA.png')
06/28/2017 11:48:04 pm Same customer found!
06/28/2017 11:48:31 pm Connection Successfull
06/28/2017 11:48:31 pm New customer found!
06/28/2017 11:48:31 pm ('Odel', 'EFINNY Womens Party Frock', 'edd1ebeac04e5defa017', 'Jennifer ', 'http://i.imgur.com/FraDVEO.jpg', 'http://i.imgur.com/jAVJ5nA.png')
06/28/2017 11:48:38 pm Same customer found!
06/28/2017 11:49:00 pm Connection Successfull
06/28/2017 11:49:01 pm New customer found!
06/28/2017 11:49:01 pm ('Odel', 'EFINNY Womens Party Frock', 'edd1ebeac04e5defa017', 'Jennifer ', 'http://i.imgur.com/FraDVEO.jpg', 'http://i.imgur.com/jAVJ5nA.png')
06/28/2017 11:49:07 pm Same customer found!
06/28/2017 11:50:05 pm Connection Successfull
06/28/2017 11:50:05 pm New customer found!
06/28/2017 11:50:05 pm ('Odel', 'EFINNY Womens Party Frock', 'edd1ebeac04e5defa017', 'Jennifer ', 'http://i.imgur.com/FraDVEO.jpg', 'http://i.imgur.com/jAVJ5nA.png')
06/28/2017 11:50:12 pm Same customer found!
06/28/2017 11:51:02 pm Connection Successfull
06/28/2017 11:51:02 pm New customer found!
06/28/2017 11:51:02 pm ('Odel', 'EFINNY Womens Party Frock', 'edd1ebeac04e5defa017', 'Jennifer ', 'http://i.imgur.com/FraDVEO.jpg', 'http://i.imgur.com/jAVJ5nA.png')
06/28/2017 11:51:09 pm Same customer found!
06/28/2017 11:51:43 pm Connection Successfull
06/28/2017 11:51:44 pm New customer found!
06/28/2017 11:51:44 pm ('Odel', 'EFINNY Womens Party Frock', 'edd1ebeac04e5defa017', 'Jennifer ', 'http://i.imgur.com/FraDVEO.jpg', 'http://i.imgur.com/jAVJ5nA.png')
06/28/2017 11:51:50 pm Same customer found!
06/28/2017 11:55:28 pm Connection Successfull
06/28/2017 11:55:28 pm New customer found!
06/28/2017 11:55:28 pm ('Odel', 'EFINNY Womens Party Frock', 'edd1ebeac04e5defa017', 'Jennifer ', 'http://i.imgur.com/FraDVEO.jpg', 'http://i.imgur.com/jAVJ5nA.png')
06/28/2017 11:55:35 pm Same customer found!
06/29/2017 12:02:08 am Connection Successfull
06/29/2017 12:02:09 am New customer found!
06/29/2017 12:02:09 am ('Odel', 'EFINNY Womens Party Frock', 'edd1ebeac04e5defa017', 'Jennifer ', 'http://i.imgur.com/FraDVEO.jpg', 'http://i.imgur.com/jAVJ5nA.png')
06/29/2017 12:05:47 am Connection Successfull
06/29/2017 12:05:48 am New customer found!
06/29/2017 12:05:48 am ('Odel', 'EFINNY Womens Party Frock', 'edd1ebeac04e5defa017', 'Jennifer ', 'http://i.imgur.com/FraDVEO.jpg', 'http://i.imgur.com/jAVJ5nA.png')
06/29/2017 12:08:52 am Connection Successfull
06/29/2017 12:08:52 am New customer found!
06/29/2017 12:08:52 am ('Odel', 'EFINNY Womens Party Frock', 'edd1ebeac04e5defa017', 'Jennifer ', 'http://i.imgur.com/FraDVEO.jpg', 'http://i.imgur.com/jAVJ5nA.png')
06/29/2017 12:11:02 am Connection Successfull
06/29/2017 12:11:02 am New customer found!
06/29/2017 12:11:02 am ('Odel', 'EFINNY Womens Party Frock', 'edd1ebeac04e5defa017', 'Jennifer ', 'http://i.imgur.com/FraDVEO.jpg', 'http://i.imgur.com/jAVJ5nA.png')
06/29/2017 12:11:09 am Same customer found!
06/29/2017 12:19:57 am Connection Successfull
06/29/2017 12:19:58 am New customer found!
06/29/2017 12:19:58 am ('Odel', 'EFINNY Womens Party Frock', 'edd1ebeac04e5defa017', 'Jennifer ', 'http://i.imgur.com/FraDVEO.jpg', 'http://i.imgur.com/jAVJ5nA.png')
06/29/2017 12:20:05 am Same customer found!
06/29/2017 12:22:00 am Connection Successfull
06/29/2017 12:22:00 am New customer found!
06/29/2017 12:22:00 am ('Odel', 'EFINNY Womens Party Frock', 'edd1ebeac04e5defa017', 'Jennifer ', 'http://i.imgur.com/FraDVEO.jpg', 'http://i.imgur.com/jAVJ5nA.png')
06/29/2017 12:22:07 am Same customer found!
06/29/2017 12:23:09 am Connection Successfull
06/29/2017 12:23:09 am New customer found!
06/29/2017 12:23:09 am ('Odel', 'EFINNY Womens Party Frock', 'edd1ebeac04e5defa017', 'Jennifer ', 'http://i.imgur.com/FraDVEO.jpg', 'http://i.imgur.com/jAVJ5nA.png')
06/29/2017 12:23:16 am Same customer found!
06/29/2017 12:26:09 am Connection Successfull
06/29/2017 12:26:10 am New customer found!
06/29/2017 12:26:10 am ('Odel', 'EFINNY Womens Party Frock', 'edd1ebeac04e5defa017', 'Jennifer ', 'http://i.imgur.com/FraDVEO.jpg', 'http://i.imgur.com/jAVJ5nA.png')
06/29/2017 12:26:16 am Same customer found!
06/29/2017 12:27:22 am Connection Successfull
06/29/2017 12:27:23 am New customer found!
06/29/2017 12:27:23 am ('Odel', 'EFINNY Womens Party Frock', 'edd1ebeac04e5defa017', 'Jennifer ', 'http://i.imgur.com/FraDVEO.jpg', 'http://i.imgur.com/jAVJ5nA.png')
06/29/2017 12:27:29 am Same customer found!
06/29/2017 12:29:34 am Connection Successfull
06/29/2017 12:29:34 am New customer found!
06/29/2017 12:29:34 am ('Odel', 'EFINNY Womens Party Frock', 'edd1ebeac04e5defa017', 'Jennifer ', 'http://i.imgur.com/FraDVEO.jpg', 'http://i.imgur.com/jAVJ5nA.png')
06/29/2017 12:29:41 am Same customer found!
06/29/2017 12:39:57 am Connection Successfull
06/29/2017 12:39:57 am New customer found!
06/29/2017 12:39:57 am ('Odel', 'EFINNY Womens Party Frock', 'edd1ebeac04e5defa017', 'Jennifer ', 'http://i.imgur.com/FraDVEO.jpg', 'http://i.imgur.com/jAVJ5nA.png')
06/29/2017 12:41:00 am Connection Successfull
06/29/2017 12:41:00 am New customer found!
06/29/2017 12:41:00 am ('Odel', 'EFINNY Womens Party Frock', 'edd1ebeac04e5defa017', 'Jennifer ', 'http://i.imgur.com/FraDVEO.jpg', 'http://i.imgur.com/jAVJ5nA.png')
06/29/2017 12:42:27 am Connection Successfull
06/29/2017 12:42:27 am New customer found!
06/29/2017 12:42:27 am ('Odel', 'EFINNY Womens Party Frock', 'edd1ebeac04e5defa017', 'Jennifer ', 'http://i.imgur.com/FraDVEO.jpg', 'http://i.imgur.com/jAVJ5nA.png')
06/29/2017 12:52:17 am Connection Successfull
06/29/2017 12:52:17 am New customer found!
06/29/2017 12:52:17 am ('Odel', 'EFINNY Womens Party Frock', 'edd1ebeac04e5defa017', 'Jennifer ', 'http://i.imgur.com/FraDVEO.jpg', 'http://i.imgur.com/jAVJ5nA.png')
06/29/2017 12:52:25 am Same customer found!
06/29/2017 12:53:15 am Connection Successfull
06/29/2017 12:53:15 am New customer found!
06/29/2017 12:53:15 am ('Odel', 'EFINNY Womens Party Frock', 'edd1ebeac04e5defa017', 'Jennifer ', 'http://i.imgur.com/FraDVEO.jpg', 'http://i.imgur.com/jAVJ5nA.png')
06/29/2017 12:53:23 am Same customer found!
06/29/2017 12:54:50 am Connection Successfull
06/29/2017 12:54:50 am New customer found!
06/29/2017 12:54:50 am ('Odel', 'EFINNY Womens Party Frock', 'edd1ebeac04e5defa017', 'Jennifer ', 'http://i.imgur.com/FraDVEO.jpg', 'http://i.imgur.com/jAVJ5nA.png')
06/29/2017 12:54:57 am Same customer found!
06/29/2017 12:56:00 am Connection Successfull
06/29/2017 12:56:01 am New customer found!
06/29/2017 12:56:01 am ('Odel', 'EFINNY Womens Party Frock', 'edd1ebeac04e5defa017', 'Jennifer ', 'http://i.imgur.com/FraDVEO.jpg', 'http://i.imgur.com/jAVJ5nA.png')
06/29/2017 12:56:14 am Same customer found!
06/29/2017 12:57:00 am Connection Successfull
06/29/2017 12:57:01 am New customer found!
06/29/2017 12:57:01 am ('Odel', 'EFINNY Womens Party Frock', 'edd1ebeac04e5defa017', 'Jennifer ', 'http://i.imgur.com/FraDVEO.jpg', 'http://i.imgur.com/jAVJ5nA.png')
06/29/2017 12:57:14 am Same customer found!
06/29/2017 12:57:42 am Connection Successfull
06/29/2017 12:57:42 am New customer found!
06/29/2017 12:57:42 am ('Odel', 'EFINNY Womens Party Frock', 'edd1ebeac04e5defa017', 'Jennifer ', 'http://i.imgur.com/FraDVEO.jpg', 'http://i.imgur.com/jAVJ5nA.png')
06/29/2017 12:57:55 am Same customer found!
06/29/2017 12:59:18 am Connection Successfull
06/29/2017 12:59:18 am New customer found!
06/29/2017 12:59:18 am ('Odel', 'EFINNY Womens Party Frock', 'edd1ebeac04e5defa017', 'Jennifer ', 'http://i.imgur.com/FraDVEO.jpg', 'http://i.imgur.com/jAVJ5nA.png')
06/29/2017 12:59:32 am Same customer found!
06/29/2017 01:00:59 am Connection Successfull
06/29/2017 01:00:59 am New customer found!
06/29/2017 01:00:59 am ('Odel', 'EFINNY Womens Party Frock', 'edd1ebeac04e5defa017', 'Jennifer ', 'http://i.imgur.com/FraDVEO.jpg', 'http://i.imgur.com/jAVJ5nA.png')
06/29/2017 01:01:06 am Same customer found!
06/29/2017 01:01:41 am Connection Successfull
06/29/2017 01:01:41 am New customer found!
06/29/2017 01:01:41 am ('Odel', 'EFINNY Womens Party Frock', 'edd1ebeac04e5defa017', 'Jennifer ', 'http://i.imgur.com/FraDVEO.jpg', 'http://i.imgur.com/jAVJ5nA.png')
06/29/2017 01:01:48 am Same customer found!
06/29/2017 01:02:33 am Connection Successfull
06/29/2017 01:02:33 am New customer found!
06/29/2017 01:02:33 am ('Odel', 'EFINNY Womens Party Frock', 'edd1ebeac04e5defa017', 'Jennifer ', 'http://i.imgur.com/FraDVEO.jpg', 'http://i.imgur.com/jAVJ5nA.png')
06/29/2017 01:02:41 am Same customer found!
06/29/2017 01:03:46 am Connection Successfull
06/29/2017 01:03:46 am New customer found!
06/29/2017 01:03:46 am ('Odel', 'EFINNY Womens Party Frock', 'edd1ebeac04e5defa017', 'Jennifer ', 'http://i.imgur.com/FraDVEO.jpg', 'http://i.imgur.com/jAVJ5nA.png')
06/29/2017 01:03:56 am Same customer found!
06/29/2017 01:04:11 am Connection Successfull
06/29/2017 01:04:11 am New customer found!
06/29/2017 01:04:11 am ('Odel', 'EFINNY Womens Party Frock', 'edd1ebeac04e5defa017', 'Jennifer ', 'http://i.imgur.com/FraDVEO.jpg', 'http://i.imgur.com/jAVJ5nA.png')
06/29/2017 01:04:21 am Same customer found!
06/29/2017 01:06:43 am Connection Successfull
06/29/2017 01:06:43 am New customer found!
06/29/2017 01:06:43 am ('Odel', 'EFINNY Womens Party Frock', 'edd1ebeac04e5defa017', 'Jennifer ', 'http://i.imgur.com/FraDVEO.jpg', 'http://i.imgur.com/jAVJ5nA.png')
06/29/2017 01:07:21 am Connection Successfull
06/29/2017 01:07:21 am New customer found!
06/29/2017 01:07:21 am ('Odel', 'EFINNY Womens Party Frock', 'edd1ebeac04e5defa017', 'Jennifer ', 'http://i.imgur.com/FraDVEO.jpg', 'http://i.imgur.com/jAVJ5nA.png')
06/29/2017 01:07:31 am Same customer found!
06/29/2017 01:07:55 am Connection Successfull
06/29/2017 01:07:56 am New customer found!
06/29/2017 01:07:56 am ('Odel', 'EFINNY Womens Party Frock', 'edd1ebeac04e5defa017', 'Jennifer ', 'http://i.imgur.com/FraDVEO.jpg', 'http://i.imgur.com/jAVJ5nA.png')
06/29/2017 01:08:06 am Same customer found!
06/29/2017 01:13:22 am Connection Successfull
06/29/2017 01:13:22 am New customer found!
06/29/2017 01:13:22 am ('Odel', 'EFINNY Womens Party Frock', 'edd1ebeac04e5defa017', 'Jennifer ', 'http://i.imgur.com/FraDVEO.jpg', 'http://i.imgur.com/jAVJ5nA.png')
06/29/2017 01:13:32 am Same customer found!
06/29/2017 01:14:52 am Connection Successfull
06/29/2017 01:14:52 am New customer found!
06/29/2017 01:14:52 am ('Odel', 'EFINNY Womens Party Frock', 'edd1ebeac04e5defa017', 'Jennifer ', 'http://i.imgur.com/FraDVEO.jpg', 'http://i.imgur.com/jAVJ5nA.png')
06/29/2017 01:15:04 am Same customer found!
06/29/2017 01:16:15 am Connection Successfull
06/29/2017 01:16:15 am New customer found!
06/29/2017 01:16:15 am ('Odel', 'EFINNY Womens Party Frock', 'edd1ebeac04e5defa017', 'Jennifer ', 'http://i.imgur.com/FraDVEO.jpg', 'http://i.imgur.com/jAVJ5nA.png')
06/29/2017 01:16:25 am Same customer found!
06/29/2017 01:16:38 am Connection Successfull
06/29/2017 01:16:38 am New customer found!
06/29/2017 01:16:38 am ('Odel', 'EFINNY Womens Party Frock', 'edd1ebeac04e5defa017', 'Jennifer ', 'http://i.imgur.com/FraDVEO.jpg', 'http://i.imgur.com/jAVJ5nA.png')
06/29/2017 01:16:48 am Same customer found!
